# -*-compilation-*-
»C:/Users/SFede/Dropbox (Privat)/repos/Music/sheet_note_images/note_sheet_18.ly« wird verarbeitet
Analysieren...
Interpretation der Musik...
Vorverarbeitung der grafischen Elemente...
Ideale Seitenanzahl wird gefunden...
Musik wird auf eine Seite angepasst...
Systeme erstellen...
Layout nach »/Users/SFede/Dropbox (Privat)/repos/Music/sheet_note_images/note_sheet_18.ps« ausgeben...
Konvertierung nach »/Users/SFede/Dropbox (Privat)/repos/Music/sheet_note_images/note_sheet_18.pdf«...
»C:/Users/SFede/Dropbox (Privat)/repos/Music/sheet_note_images/note_sheet_19.ly« wird verarbeitet
Analysieren...
Interpretation der Musik...
Vorverarbeitung der grafischen Elemente...
Ideale Seitenanzahl wird gefunden...
Musik wird auf eine Seite angepasst...
Systeme erstellen...
Layout nach »/Users/SFede/Dropbox (Privat)/repos/Music/sheet_note_images/note_sheet_19.ps« ausgeben...
Konvertierung nach »/Users/SFede/Dropbox (Privat)/repos/Music/sheet_note_images/note_sheet_19.pdf«...
»C:/Users/SFede/Dropbox (Privat)/repos/Music/sheet_note_images/note_sheet_20.ly« wird verarbeitet
Analysieren...
Interpretation der Musik...
Vorverarbeitung der grafischen Elemente...
Ideale Seitenanzahl wird gefunden...
Musik wird auf eine Seite angepasst...
Systeme erstellen...
Layout nach »/Users/SFede/Dropbox (Privat)/repos/Music/sheet_note_images/note_sheet_20.ps« ausgeben...
Konvertierung nach »/Users/SFede/Dropbox (Privat)/repos/Music/sheet_note_images/note_sheet_20.pdf«...
»C:/Users/SFede/Dropbox (Privat)/repos/Music/sheet_note_images/note_sheet_21.ly« wird verarbeitet
Analysieren...
Interpretation der Musik...
Vorverarbeitung der grafischen Elemente...
Ideale Seitenanzahl wird gefunden...
Musik wird auf eine Seite angepasst...
Systeme erstellen...
Layout nach »/Users/SFede/Dropbox (Privat)/repos/Music/sheet_note_images/note_sheet_21.ps« ausgeben...
Konvertierung nach »/Users/SFede/Dropbox (Privat)/repos/Music/sheet_note_images/note_sheet_21.pdf«...
»C:/Users/SFede/Dropbox (Privat)/repos/Music/sheet_note_images/note_sheet_22.ly« wird verarbeitet
Analysieren...
Interpretation der Musik...
Vorverarbeitung der grafischen Elemente...
Ideale Seitenanzahl wird gefunden...
Musik wird auf eine Seite angepasst...
Systeme erstellen...
Layout nach »/Users/SFede/Dropbox (Privat)/repos/Music/sheet_note_images/note_sheet_22.ps« ausgeben...
Konvertierung nach »/Users/SFede/Dropbox (Privat)/repos/Music/sheet_note_images/note_sheet_22.pdf«...
»C:/Users/SFede/Dropbox (Privat)/repos/Music/sheet_note_images/note_sheet_23.ly« wird verarbeitet
Analysieren...
Interpretation der Musik...
Vorverarbeitung der grafischen Elemente...
Ideale Seitenanzahl wird gefunden...
Musik wird auf eine Seite angepasst...
Systeme erstellen...
Layout nach »/Users/SFede/Dropbox (Privat)/repos/Music/sheet_note_images/note_sheet_23.ps« ausgeben...
Konvertierung nach »/Users/SFede/Dropbox (Privat)/repos/Music/sheet_note_images/note_sheet_23.pdf«...
»C:/Users/SFede/Dropbox (Privat)/repos/Music/sheet_note_images/note_sheet_24.ly« wird verarbeitet
Analysieren...
Interpretation der Musik...
Vorverarbeitung der grafischen Elemente...
Ideale Seitenanzahl wird gefunden...
Musik wird auf eine Seite angepasst...
Systeme erstellen...
Layout nach »/Users/SFede/Dropbox (Privat)/repos/Music/sheet_note_images/note_sheet_24.ps« ausgeben...
Konvertierung nach »/Users/SFede/Dropbox (Privat)/repos/Music/sheet_note_images/note_sheet_24.pdf«...
»C:/Users/SFede/Dropbox (Privat)/repos/Music/sheet_note_images/note_sheet_25.ly« wird verarbeitet
Analysieren...
Interpretation der Musik...
Vorverarbeitung der grafischen Elemente...
Ideale Seitenanzahl wird gefunden...
Musik wird auf eine Seite angepasst...
Systeme erstellen...
Layout nach »/Users/SFede/Dropbox (Privat)/repos/Music/sheet_note_images/note_sheet_25.ps« ausgeben...
Konvertierung nach »/Users/SFede/Dropbox (Privat)/repos/Music/sheet_note_images/note_sheet_25.pdf«...
»C:/Users/SFede/Dropbox (Privat)/repos/Music/sheet_note_images/note_sheet_26.ly« wird verarbeitet
Analysieren...
Interpretation der Musik...
Vorverarbeitung der grafischen Elemente...
Ideale Seitenanzahl wird gefunden...
Musik wird auf eine Seite angepasst...
Systeme erstellen...
Layout nach »/Users/SFede/Dropbox (Privat)/repos/Music/sheet_note_images/note_sheet_26.ps« ausgeben...
Konvertierung nach »/Users/SFede/Dropbox (Privat)/repos/Music/sheet_note_images/note_sheet_26.pdf«...
»C:/Users/SFede/Dropbox (Privat)/repos/Music/sheet_note_images/note_sheet_27.ly« wird verarbeitet
Analysieren...
Interpretation der Musik...
Vorverarbeitung der grafischen Elemente...
Ideale Seitenanzahl wird gefunden...
Musik wird auf eine Seite angepasst...
Systeme erstellen...
Layout nach »/Users/SFede/Dropbox (Privat)/repos/Music/sheet_note_images/note_sheet_27.ps« ausgeben...
Konvertierung nach »/Users/SFede/Dropbox (Privat)/repos/Music/sheet_note_images/note_sheet_27.pdf«...
»C:/Users/SFede/Dropbox (Privat)/repos/Music/sheet_note_images/note_sheet_28.ly« wird verarbeitet
Analysieren...
Interpretation der Musik...
Vorverarbeitung der grafischen Elemente...
Ideale Seitenanzahl wird gefunden...
Musik wird auf eine Seite angepasst...
Systeme erstellen...
Layout nach »/Users/SFede/Dropbox (Privat)/repos/Music/sheet_note_images/note_sheet_28.ps« ausgeben...
Konvertierung nach »/Users/SFede/Dropbox (Privat)/repos/Music/sheet_note_images/note_sheet_28.pdf«...
»C:/Users/SFede/Dropbox (Privat)/repos/Music/sheet_note_images/note_sheet_29.ly« wird verarbeitet
Analysieren...
Interpretation der Musik...
Vorverarbeitung der grafischen Elemente...
Ideale Seitenanzahl wird gefunden...
Musik wird auf eine Seite angepasst...
Systeme erstellen...
Layout nach »/Users/SFede/Dropbox (Privat)/repos/Music/sheet_note_images/note_sheet_29.ps« ausgeben...
Konvertierung nach »/Users/SFede/Dropbox (Privat)/repos/Music/sheet_note_images/note_sheet_29.pdf«...
»C:/Users/SFede/Dropbox (Privat)/repos/Music/sheet_note_images/note_sheet_0.ly« wird verarbeitet
Analysieren...
Interpretation der Musik...
Vorverarbeitung der grafischen Elemente...
Ideale Seitenanzahl wird gefunden...
Musik wird auf eine Seite angepasst...
Systeme erstellen...
Layout nach »/Users/SFede/Dropbox (Privat)/repos/Music/sheet_note_images/note_sheet_0.ps« ausgeben...
Konvertierung nach »/Users/SFede/Dropbox (Privat)/repos/Music/sheet_note_images/note_sheet_0.pdf«...
»C:/Users/SFede/Dropbox (Privat)/repos/Music/sheet_note_images/note_sheet_1.ly« wird verarbeitet
Analysieren...
Interpretation der Musik...
Vorverarbeitung der grafischen Elemente...
Ideale Seitenanzahl wird gefunden...
Musik wird auf eine Seite angepasst...
Systeme erstellen...
Layout nach »/Users/SFede/Dropbox (Privat)/repos/Music/sheet_note_images/note_sheet_1.ps« ausgeben...
Konvertierung nach »/Users/SFede/Dropbox (Privat)/repos/Music/sheet_note_images/note_sheet_1.pdf«...
»C:/Users/SFede/Dropbox (Privat)/repos/Music/sheet_note_images/note_sheet_2.ly« wird verarbeitet
Analysieren...
Interpretation der Musik...
Vorverarbeitung der grafischen Elemente...
Ideale Seitenanzahl wird gefunden...
Musik wird auf eine Seite angepasst...
Systeme erstellen...
Layout nach »/Users/SFede/Dropbox (Privat)/repos/Music/sheet_note_images/note_sheet_2.ps« ausgeben...
Konvertierung nach »/Users/SFede/Dropbox (Privat)/repos/Music/sheet_note_images/note_sheet_2.pdf«...
»C:/Users/SFede/Dropbox (Privat)/repos/Music/sheet_note_images/note_sheet_3.ly« wird verarbeitet
Analysieren...
Interpretation der Musik...
Vorverarbeitung der grafischen Elemente...
Ideale Seitenanzahl wird gefunden...
Musik wird auf eine Seite angepasst...
Systeme erstellen...
Layout nach »/Users/SFede/Dropbox (Privat)/repos/Music/sheet_note_images/note_sheet_3.ps« ausgeben...
Konvertierung nach »/Users/SFede/Dropbox (Privat)/repos/Music/sheet_note_images/note_sheet_3.pdf«...
»C:/Users/SFede/Dropbox (Privat)/repos/Music/sheet_note_images/note_sheet_4.ly« wird verarbeitet
Analysieren...
Interpretation der Musik...
Vorverarbeitung der grafischen Elemente...
Ideale Seitenanzahl wird gefunden...
Musik wird auf eine Seite angepasst...
Systeme erstellen...
Layout nach »/Users/SFede/Dropbox (Privat)/repos/Music/sheet_note_images/note_sheet_4.ps« ausgeben...
Konvertierung nach »/Users/SFede/Dropbox (Privat)/repos/Music/sheet_note_images/note_sheet_4.pdf«...
»C:/Users/SFede/Dropbox (Privat)/repos/Music/sheet_note_images/note_sheet_5.ly« wird verarbeitet
Analysieren...
Interpretation der Musik...
Vorverarbeitung der grafischen Elemente...
Ideale Seitenanzahl wird gefunden...
Musik wird auf eine Seite angepasst...
Systeme erstellen...
Layout nach »/Users/SFede/Dropbox (Privat)/repos/Music/sheet_note_images/note_sheet_5.ps« ausgeben...
Konvertierung nach »/Users/SFede/Dropbox (Privat)/repos/Music/sheet_note_images/note_sheet_5.pdf«...
»C:/Users/SFede/Dropbox (Privat)/repos/Music/sheet_note_images/note_sheet_6.ly« wird verarbeitet
Analysieren...
Interpretation der Musik...
Vorverarbeitung der grafischen Elemente...
Ideale Seitenanzahl wird gefunden...
Musik wird auf eine Seite angepasst...
Systeme erstellen...
Layout nach »/Users/SFede/Dropbox (Privat)/repos/Music/sheet_note_images/note_sheet_6.ps« ausgeben...
Konvertierung nach »/Users/SFede/Dropbox (Privat)/repos/Music/sheet_note_images/note_sheet_6.pdf«...
»C:/Users/SFede/Dropbox (Privat)/repos/Music/sheet_note_images/note_sheet_7.ly« wird verarbeitet
Analysieren...
Interpretation der Musik...
Vorverarbeitung der grafischen Elemente...
Ideale Seitenanzahl wird gefunden...
Musik wird auf eine Seite angepasst...
Systeme erstellen...
Layout nach »/Users/SFede/Dropbox (Privat)/repos/Music/sheet_note_images/note_sheet_7.ps« ausgeben...
Konvertierung nach »/Users/SFede/Dropbox (Privat)/repos/Music/sheet_note_images/note_sheet_7.pdf«...
»C:/Users/SFede/Dropbox (Privat)/repos/Music/sheet_note_images/note_sheet_8.ly« wird verarbeitet
Analysieren...
Interpretation der Musik...
Vorverarbeitung der grafischen Elemente...
Ideale Seitenanzahl wird gefunden...
Musik wird auf eine Seite angepasst...
Systeme erstellen...
Layout nach »/Users/SFede/Dropbox (Privat)/repos/Music/sheet_note_images/note_sheet_8.ps« ausgeben...
Konvertierung nach »/Users/SFede/Dropbox (Privat)/repos/Music/sheet_note_images/note_sheet_8.pdf«...
»C:/Users/SFede/Dropbox (Privat)/repos/Music/sheet_note_images/note_sheet_9.ly« wird verarbeitet
Analysieren...
Interpretation der Musik...
Vorverarbeitung der grafischen Elemente...
Ideale Seitenanzahl wird gefunden...
Musik wird auf eine Seite angepasst...
Systeme erstellen...
Layout nach »/Users/SFede/Dropbox (Privat)/repos/Music/sheet_note_images/note_sheet_9.ps« ausgeben...
Konvertierung nach »/Users/SFede/Dropbox (Privat)/repos/Music/sheet_note_images/note_sheet_9.pdf«...
»C:/Users/SFede/Dropbox (Privat)/repos/Music/sheet_note_images/note_sheet_10.ly« wird verarbeitet
Analysieren...
Interpretation der Musik...
Vorverarbeitung der grafischen Elemente...
Ideale Seitenanzahl wird gefunden...
Musik wird auf eine Seite angepasst...
Systeme erstellen...
Layout nach »/Users/SFede/Dropbox (Privat)/repos/Music/sheet_note_images/note_sheet_10.ps« ausgeben...
Konvertierung nach »/Users/SFede/Dropbox (Privat)/repos/Music/sheet_note_images/note_sheet_10.pdf«...
»C:/Users/SFede/Dropbox (Privat)/repos/Music/sheet_note_images/note_sheet_11.ly« wird verarbeitet
Analysieren...
Interpretation der Musik...
Vorverarbeitung der grafischen Elemente...
Ideale Seitenanzahl wird gefunden...
Musik wird auf eine Seite angepasst...
Systeme erstellen...
Layout nach »/Users/SFede/Dropbox (Privat)/repos/Music/sheet_note_images/note_sheet_11.ps« ausgeben...
Konvertierung nach »/Users/SFede/Dropbox (Privat)/repos/Music/sheet_note_images/note_sheet_11.pdf«...
»C:/Users/SFede/Dropbox (Privat)/repos/Music/sheet_note_images/note_sheet_12.ly« wird verarbeitet
Analysieren...
Interpretation der Musik...
Vorverarbeitung der grafischen Elemente...
Ideale Seitenanzahl wird gefunden...
Musik wird auf eine Seite angepasst...
Systeme erstellen...
Layout nach »/Users/SFede/Dropbox (Privat)/repos/Music/sheet_note_images/note_sheet_12.ps« ausgeben...
Konvertierung nach »/Users/SFede/Dropbox (Privat)/repos/Music/sheet_note_images/note_sheet_12.pdf«...
»C:/Users/SFede/Dropbox (Privat)/repos/Music/sheet_note_images/note_sheet_13.ly« wird verarbeitet
Analysieren...
Interpretation der Musik...
Vorverarbeitung der grafischen Elemente...
Ideale Seitenanzahl wird gefunden...
Musik wird auf eine Seite angepasst...
Systeme erstellen...
Layout nach »/Users/SFede/Dropbox (Privat)/repos/Music/sheet_note_images/note_sheet_13.ps« ausgeben...
Konvertierung nach »/Users/SFede/Dropbox (Privat)/repos/Music/sheet_note_images/note_sheet_13.pdf«...
»C:/Users/SFede/Dropbox (Privat)/repos/Music/sheet_note_images/note_sheet_14.ly« wird verarbeitet
Analysieren...
Interpretation der Musik...
Vorverarbeitung der grafischen Elemente...
Ideale Seitenanzahl wird gefunden...
Musik wird auf eine Seite angepasst...
Systeme erstellen...
Layout nach »/Users/SFede/Dropbox (Privat)/repos/Music/sheet_note_images/note_sheet_14.ps« ausgeben...
Konvertierung nach »/Users/SFede/Dropbox (Privat)/repos/Music/sheet_note_images/note_sheet_14.pdf«...
»C:/Users/SFede/Dropbox (Privat)/repos/Music/sheet_note_images/note_sheet_15.ly« wird verarbeitet
Analysieren...
Interpretation der Musik...
Vorverarbeitung der grafischen Elemente...
Ideale Seitenanzahl wird gefunden...
Musik wird auf eine Seite angepasst...
Systeme erstellen...
Layout nach »/Users/SFede/Dropbox (Privat)/repos/Music/sheet_note_images/note_sheet_15.ps« ausgeben...
Konvertierung nach »/Users/SFede/Dropbox (Privat)/repos/Music/sheet_note_images/note_sheet_15.pdf«...
»C:/Users/SFede/Dropbox (Privat)/repos/Music/sheet_note_images/note_sheet_16.ly« wird verarbeitet
Analysieren...
Interpretation der Musik...
Vorverarbeitung der grafischen Elemente...
Ideale Seitenanzahl wird gefunden...
Musik wird auf eine Seite angepasst...
Systeme erstellen...
Layout nach »/Users/SFede/Dropbox (Privat)/repos/Music/sheet_note_images/note_sheet_16.ps« ausgeben...
Konvertierung nach »/Users/SFede/Dropbox (Privat)/repos/Music/sheet_note_images/note_sheet_16.pdf«...
»C:/Users/SFede/Dropbox (Privat)/repos/Music/sheet_note_images/note_sheet_17.ly« wird verarbeitet
Analysieren...
Interpretation der Musik...
Vorverarbeitung der grafischen Elemente...
Ideale Seitenanzahl wird gefunden...
Musik wird auf eine Seite angepasst...
Systeme erstellen...
Layout nach »/Users/SFede/Dropbox (Privat)/repos/Music/sheet_note_images/note_sheet_17.ps« ausgeben...
Konvertierung nach »/Users/SFede/Dropbox (Privat)/repos/Music/sheet_note_images/note_sheet_17.pdf«...
Kompilation erfolgreich beendet
